c:\users\calina\desktop\anul3\gp\project\lab2\x64\debug\vc143.pdb
c:\users\calina\desktop\anul3\gp\project\lab2\x64\debug\vc143.idb
c:\users\calina\desktop\anul3\gp\project\lab2\x64\debug\tiny_obj_loader.obj
c:\users\calina\desktop\anul3\gp\project\lab2\x64\debug\stb_image.obj
c:\users\calina\desktop\anul3\gp\project\lab2\x64\debug\skybox.obj
c:\users\calina\desktop\anul3\gp\project\lab2\x64\debug\shader.obj
c:\users\calina\desktop\anul3\gp\project\lab2\x64\debug\rain.obj
c:\users\calina\desktop\anul3\gp\project\lab2\x64\debug\model3d.obj
c:\users\calina\desktop\anul3\gp\project\lab2\x64\debug\mesh.obj
c:\users\calina\desktop\anul3\gp\project\lab2\x64\debug\main.obj
c:\users\calina\desktop\anul3\gp\project\lab2\x64\debug\camera.obj
c:\users\calina\desktop\anul3\gp\project\x64\debug\lab2.exe
c:\users\calina\desktop\anul3\gp\project\x64\debug\lab2.pdb
c:\users\calina\desktop\anul3\gp\project\lab2\x64\debug\lab2.ilk
c:\users\calina\desktop\anul3\gp\project\lab2\x64\debug\lab2.tlog\cl.command.1.tlog
c:\users\calina\desktop\anul3\gp\project\lab2\x64\debug\lab2.tlog\cl.items.tlog
c:\users\calina\desktop\anul3\gp\project\lab2\x64\debug\lab2.tlog\cl.read.1.tlog
c:\users\calina\desktop\anul3\gp\project\lab2\x64\debug\lab2.tlog\cl.write.1.tlog
c:\users\calina\desktop\anul3\gp\project\lab2\x64\debug\lab2.tlog\link.command.1.tlog
c:\users\calina\desktop\anul3\gp\project\lab2\x64\debug\lab2.tlog\link.read.1.tlog
c:\users\calina\desktop\anul3\gp\project\lab2\x64\debug\lab2.tlog\link.secondary.1.tlog
c:\users\calina\desktop\anul3\gp\project\lab2\x64\debug\lab2.tlog\link.write.1.tlog
